<?xml version="1.0" encoding="UTF-8"?>
<!-- Generated by org.testng.reporters.JUnitXMLReporter -->
<testsuite ignored="0" hostname="mustafa-ABRA-A5-V15-8" failures="0" tests="15" name="Command line test" time="0.037" errors="0" timestamp="2025-07-18T09:15:32 TRT">
  <testcase classname="tr.com.turksat.sekilapp.model.UcgenTest" name="testUcgenAlanVeCevre" time="0.003"/>
  <testcase classname="tr.com.turksat.sekilapp.model.UcgenTest" name="testUcgenAlanVeCevre" time="0.0"/>
  <testcase classname="tr.com.turksat.sekilapp.model.UcgenTest" name="testUcgenAlanVeCevre" time="0.0"/>
  <testcase classname="tr.com.turksat.sekilapp.model.YildizTest" name="testYildizAlanVeCevre" time="0.001"/>
  <testcase classname="tr.com.turksat.sekilapp.model.YildizTest" name="testYildizAlanVeCevre" time="0.0"/>
  <testcase classname="tr.com.turksat.sekilapp.model.YildizTest" name="testYildizAlanVeCevre" time="0.0"/>
  <testcase classname="tr.com.turksat.sekilapp.model.DikdortgenTest" name="testDikdortgenAlanVeCevre" time="0.001"/>
  <testcase classname="tr.com.turksat.sekilapp.model.DikdortgenTest" name="testDikdortgenAlanVeCevre" time="0.0"/>
  <testcase classname="tr.com.turksat.sekilapp.model.DikdortgenTest" name="testDikdortgenAlanVeCevre" time="0.0"/>
  <testcase classname="tr.com.turksat.sekilapp.model.KareTest" name="testKareAlanVeCevre" time="0.0"/>
  <testcase classname="tr.com.turksat.sekilapp.model.KareTest" name="testKareAlanVeCevre" time="0.0"/>
  <testcase classname="tr.com.turksat.sekilapp.model.KareTest" name="testKareAlanVeCevre" time="0.0"/>
  <testcase classname="tr.com.turksat.sekilapp.model.YuvarlakTest" name="testYuvarlakAlanVeCevre" time="0.003"/>
  <testcase classname="tr.com.turksat.sekilapp.model.YuvarlakTest" name="testYuvarlakAlanVeCevre" time="0.0"/>
  <testcase classname="tr.com.turksat.sekilapp.model.YuvarlakTest" name="testYuvarlakAlanVeCevre" time="0.0"/>
</testsuite> <!-- Command line test -->
