<?xml version="1.0" encoding="UTF-8"?>
<testng-results ignored="0" total="15" passed="15" failed="0" skipped="0">
  <reporter-output>
  </reporter-output>
  <suite started-at="2025-07-18T09:15:32 TRT" name="Command line suite" finished-at="2025-07-18T09:15:32 TRT" duration-ms="37">
    <groups>
    </groups>
    <test started-at="2025-07-18T09:15:32 TRT" name="Command line test" finished-at="2025-07-18T09:15:32 TRT" duration-ms="37">
      <class name="tr.com.turksat.sekilapp.model.UcgenTest">
        <test-method signature="testUcgenAlanVeCevre(int,int,int,int)[pri:0, instance:tr.com.turksat.sekilapp.model.UcgenTest@69a10787]" started-at="2025-07-18T09:15:32 TRT" name="testUcgenAlanVeCevre" data-provider="ucgenVerisi" finished-at="2025-07-18T09:15:32 TRT" duration-ms="3" status="PASS">
          <params>
            <param index="0">
              <value>
                <![CDATA[3]]>
              </value>
            </param>
            <param index="1">
              <value>
                <![CDATA[4]]>
              </value>
            </param>
            <param index="2">
              <value>
                <![CDATA[6]]>
              </value>
            </param>
            <param index="3">
              <value>
                <![CDATA[12]]>
              </value>
            </param>
          </params>
          <reporter-output>
          </reporter-output>
        </test-method> <!-- testUcgenAlanVeCevre -->
        <test-method signature="testUcgenAlanVeCevre(int,int,int,int)[pri:0, instance:tr.com.turksat.sekilapp.model.UcgenTest@69a10787]" started-at="2025-07-18T09:15:32 TRT" name="testUcgenAlanVeCevre" data-provider="ucgenVerisi" finished-at="2025-07-18T09:15:32 TRT" duration-ms="0" status="PASS">
          <params>
            <param index="0">
              <value>
                <![CDATA[5]]>
              </value>
            </param>
            <param index="1">
              <value>
                <![CDATA[12]]>
              </value>
            </param>
            <param index="2">
              <value>
                <![CDATA[30]]>
              </value>
            </param>
            <param index="3">
              <value>
                <![CDATA[30]]>
              </value>
            </param>
          </params>
          <reporter-output>
          </reporter-output>
        </test-method> <!-- testUcgenAlanVeCevre -->
        <test-method signature="testUcgenAlanVeCevre(int,int,int,int)[pri:0, instance:tr.com.turksat.sekilapp.model.UcgenTest@69a10787]" started-at="2025-07-18T09:15:32 TRT" name="testUcgenAlanVeCevre" data-provider="ucgenVerisi" finished-at="2025-07-18T09:15:32 TRT" duration-ms="0" status="PASS">
          <params>
            <param index="0">
              <value>
                <![CDATA[6]]>
              </value>
            </param>
            <param index="1">
              <value>
                <![CDATA[8]]>
              </value>
            </param>
            <param index="2">
              <value>
                <![CDATA[24]]>
              </value>
            </param>
            <param index="3">
              <value>
                <![CDATA[24]]>
              </value>
            </param>
          </params>
          <reporter-output>
          </reporter-output>
        </test-method> <!-- testUcgenAlanVeCevre -->
      </class> <!-- tr.com.turksat.sekilapp.model.UcgenTest -->
      <class name="tr.com.turksat.sekilapp.model.YuvarlakTest">
        <test-method signature="testYuvarlakAlanVeCevre(int,double,double,double)[pri:0, instance:tr.com.turksat.sekilapp.model.YuvarlakTest@282003e1]" started-at="2025-07-18T09:15:32 TRT" name="testYuvarlakAlanVeCevre" data-provider="yuvarlakVerisi" finished-at="2025-07-18T09:15:32 TRT" duration-ms="3" status="PASS">
          <params>
            <param index="0">
              <value>
                <![CDATA[1]]>
              </value>
            </param>
            <param index="1">
              <value>
                <![CDATA[3.141592653589793]]>
              </value>
            </param>
            <param index="2">
              <value>
                <![CDATA[3.141592653589793]]>
              </value>
            </param>
            <param index="3">
              <value>
                <![CDATA[6.283185307179586]]>
              </value>
            </param>
          </params>
          <reporter-output>
          </reporter-output>
        </test-method> <!-- testYuvarlakAlanVeCevre -->
        <test-method signature="testYuvarlakAlanVeCevre(int,double,double,double)[pri:0, instance:tr.com.turksat.sekilapp.model.YuvarlakTest@282003e1]" started-at="2025-07-18T09:15:32 TRT" name="testYuvarlakAlanVeCevre" data-provider="yuvarlakVerisi" finished-at="2025-07-18T09:15:32 TRT" duration-ms="0" status="PASS">
          <params>
            <param index="0">
              <value>
                <![CDATA[2]]>
              </value>
            </param>
            <param index="1">
              <value>
                <![CDATA[3.14]]>
              </value>
            </param>
            <param index="2">
              <value>
                <![CDATA[12.56]]>
              </value>
            </param>
            <param index="3">
              <value>
                <![CDATA[12.56]]>
              </value>
            </param>
          </params>
          <reporter-output>
          </reporter-output>
        </test-method> <!-- testYuvarlakAlanVeCevre -->
        <test-method signature="testYuvarlakAlanVeCevre(int,double,double,double)[pri:0, instance:tr.com.turksat.sekilapp.model.YuvarlakTest@282003e1]" started-at="2025-07-18T09:15:32 TRT" name="testYuvarlakAlanVeCevre" data-provider="yuvarlakVerisi" finished-at="2025-07-18T09:15:32 TRT" duration-ms="0" status="PASS">
          <params>
            <param index="0">
              <value>
                <![CDATA[3]]>
              </value>
            </param>
            <param index="1">
              <value>
                <![CDATA[3.0]]>
              </value>
            </param>
            <param index="2">
              <value>
                <![CDATA[27.0]]>
              </value>
            </param>
            <param index="3">
              <value>
                <![CDATA[18.0]]>
              </value>
            </param>
          </params>
          <reporter-output>
          </reporter-output>
        </test-method> <!-- testYuvarlakAlanVeCevre -->
      </class> <!-- tr.com.turksat.sekilapp.model.YuvarlakTest -->
      <class name="tr.com.turksat.sekilapp.model.YildizTest">
        <test-method signature="testYildizAlanVeCevre(int,int,int)[pri:0, instance:tr.com.turksat.sekilapp.model.YildizTest@365c30cc]" started-at="2025-07-18T09:15:32 TRT" name="testYildizAlanVeCevre" data-provider="yildizVerisi" finished-at="2025-07-18T09:15:32 TRT" duration-ms="1" status="PASS">
          <params>
            <param index="0">
              <value>
                <![CDATA[3]]>
              </value>
            </param>
            <param index="1">
              <value>
                <![CDATA[0]]>
              </value>
            </param>
            <param index="2">
              <value>
                <![CDATA[0]]>
              </value>
            </param>
          </params>
          <reporter-output>
          </reporter-output>
        </test-method> <!-- testYildizAlanVeCevre -->
        <test-method signature="testYildizAlanVeCevre(int,int,int)[pri:0, instance:tr.com.turksat.sekilapp.model.YildizTest@365c30cc]" started-at="2025-07-18T09:15:32 TRT" name="testYildizAlanVeCevre" data-provider="yildizVerisi" finished-at="2025-07-18T09:15:32 TRT" duration-ms="0" status="PASS">
          <params>
            <param index="0">
              <value>
                <![CDATA[5]]>
              </value>
            </param>
            <param index="1">
              <value>
                <![CDATA[0]]>
              </value>
            </param>
            <param index="2">
              <value>
                <![CDATA[0]]>
              </value>
            </param>
          </params>
          <reporter-output>
          </reporter-output>
        </test-method> <!-- testYildizAlanVeCevre -->
        <test-method signature="testYildizAlanVeCevre(int,int,int)[pri:0, instance:tr.com.turksat.sekilapp.model.YildizTest@365c30cc]" started-at="2025-07-18T09:15:32 TRT" name="testYildizAlanVeCevre" data-provider="yildizVerisi" finished-at="2025-07-18T09:15:32 TRT" duration-ms="0" status="PASS">
          <params>
            <param index="0">
              <value>
                <![CDATA[7]]>
              </value>
            </param>
            <param index="1">
              <value>
                <![CDATA[0]]>
              </value>
            </param>
            <param index="2">
              <value>
                <![CDATA[0]]>
              </value>
            </param>
          </params>
          <reporter-output>
          </reporter-output>
        </test-method> <!-- testYildizAlanVeCevre -->
      </class> <!-- tr.com.turksat.sekilapp.model.YildizTest -->
      <class name="tr.com.turksat.sekilapp.model.KareTest">
        <test-method signature="testKareAlanVeCevre(int,int,int)[pri:0, instance:tr.com.turksat.sekilapp.model.KareTest@4148db48]" started-at="2025-07-18T09:15:32 TRT" name="testKareAlanVeCevre" data-provider="kareVerisi" finished-at="2025-07-18T09:15:32 TRT" duration-ms="0" status="PASS">
          <params>
            <param index="0">
              <value>
                <![CDATA[2]]>
              </value>
            </param>
            <param index="1">
              <value>
                <![CDATA[4]]>
              </value>
            </param>
            <param index="2">
              <value>
                <![CDATA[8]]>
              </value>
            </param>
          </params>
          <reporter-output>
          </reporter-output>
        </test-method> <!-- testKareAlanVeCevre -->
        <test-method signature="testKareAlanVeCevre(int,int,int)[pri:0, instance:tr.com.turksat.sekilapp.model.KareTest@4148db48]" started-at="2025-07-18T09:15:32 TRT" name="testKareAlanVeCevre" data-provider="kareVerisi" finished-at="2025-07-18T09:15:32 TRT" duration-ms="0" status="PASS">
          <params>
            <param index="0">
              <value>
                <![CDATA[5]]>
              </value>
            </param>
            <param index="1">
              <value>
                <![CDATA[25]]>
              </value>
            </param>
            <param index="2">
              <value>
                <![CDATA[20]]>
              </value>
            </param>
          </params>
          <reporter-output>
          </reporter-output>
        </test-method> <!-- testKareAlanVeCevre -->
        <test-method signature="testKareAlanVeCevre(int,int,int)[pri:0, instance:tr.com.turksat.sekilapp.model.KareTest@4148db48]" started-at="2025-07-18T09:15:32 TRT" name="testKareAlanVeCevre" data-provider="kareVerisi" finished-at="2025-07-18T09:15:32 TRT" duration-ms="0" status="PASS">
          <params>
            <param index="0">
              <value>
                <![CDATA[10]]>
              </value>
            </param>
            <param index="1">
              <value>
                <![CDATA[100]]>
              </value>
            </param>
            <param index="2">
              <value>
                <![CDATA[40]]>
              </value>
            </param>
          </params>
          <reporter-output>
          </reporter-output>
        </test-method> <!-- testKareAlanVeCevre -->
      </class> <!-- tr.com.turksat.sekilapp.model.KareTest -->
      <class name="tr.com.turksat.sekilapp.model.DikdortgenTest">
        <test-method signature="testDikdortgenAlanVeCevre(int,int,int,int)[pri:0, instance:tr.com.turksat.sekilapp.model.DikdortgenTest@701fc37a]" started-at="2025-07-18T09:15:32 TRT" name="testDikdortgenAlanVeCevre" data-provider="dikdortgenVerisi" finished-at="2025-07-18T09:15:32 TRT" duration-ms="1" status="PASS">
          <params>
            <param index="0">
              <value>
                <![CDATA[2]]>
              </value>
            </param>
            <param index="1">
              <value>
                <![CDATA[3]]>
              </value>
            </param>
            <param index="2">
              <value>
                <![CDATA[6]]>
              </value>
            </param>
            <param index="3">
              <value>
                <![CDATA[10]]>
              </value>
            </param>
          </params>
          <reporter-output>
          </reporter-output>
        </test-method> <!-- testDikdortgenAlanVeCevre -->
        <test-method signature="testDikdortgenAlanVeCevre(int,int,int,int)[pri:0, instance:tr.com.turksat.sekilapp.model.DikdortgenTest@701fc37a]" started-at="2025-07-18T09:15:32 TRT" name="testDikdortgenAlanVeCevre" data-provider="dikdortgenVerisi" finished-at="2025-07-18T09:15:32 TRT" duration-ms="0" status="PASS">
          <params>
            <param index="0">
              <value>
                <![CDATA[5]]>
              </value>
            </param>
            <param index="1">
              <value>
                <![CDATA[7]]>
              </value>
            </param>
            <param index="2">
              <value>
                <![CDATA[35]]>
              </value>
            </param>
            <param index="3">
              <value>
                <![CDATA[24]]>
              </value>
            </param>
          </params>
          <reporter-output>
          </reporter-output>
        </test-method> <!-- testDikdortgenAlanVeCevre -->
        <test-method signature="testDikdortgenAlanVeCevre(int,int,int,int)[pri:0, instance:tr.com.turksat.sekilapp.model.DikdortgenTest@701fc37a]" started-at="2025-07-18T09:15:32 TRT" name="testDikdortgenAlanVeCevre" data-provider="dikdortgenVerisi" finished-at="2025-07-18T09:15:32 TRT" duration-ms="0" status="PASS">
          <params>
            <param index="0">
              <value>
                <![CDATA[10]]>
              </value>
            </param>
            <param index="1">
              <value>
                <![CDATA[20]]>
              </value>
            </param>
            <param index="2">
              <value>
                <![CDATA[200]]>
              </value>
            </param>
            <param index="3">
              <value>
                <![CDATA[60]]>
              </value>
            </param>
          </params>
          <reporter-output>
          </reporter-output>
        </test-method> <!-- testDikdortgenAlanVeCevre -->
      </class> <!-- tr.com.turksat.sekilapp.model.DikdortgenTest -->
    </test> <!-- Command line test -->
  </suite> <!-- Command line suite -->
</testng-results>
